<?xml version="1.0" encoding="UTF-8"?>
<testsuite name="miles.kodi.ModuleTest" tests="12" skipped="0" failures="0" errors="0" timestamp="2017-10-12T18:39:50" hostname="MAC4035.local" time="0.016">
  <properties/>
  <testcase name="testRetrievingDependency" classname="miles.kodi.ModuleTest" time="0.001"/>
  <testcase name="testRetrievingInterface" classname="miles.kodi.ModuleTest" time="0.002"/>
  <testcase name="testFactoryCreationWithTags" classname="miles.kodi.ModuleTest" time="0.001"/>
  <testcase name="testRetrievingSubClassButTypedAsSuperClass" classname="miles.kodi.ModuleTest" time="0.001"/>
  <testcase name="testFactoryCreation" classname="miles.kodi.ModuleTest" time="0.002"/>
  <testcase name="testRetrievingNewInstanceProvider" classname="miles.kodi.ModuleTest" time="0.001"/>
  <testcase name="testRetrievingImplementationOfInterfaceButTypedAsInterface" classname="miles.kodi.ModuleTest" time="0.001"/>
  <testcase name="testAddingChildModules" classname="miles.kodi.ModuleTest" time="0.001"/>
  <testcase name="testFactoryCreationWithoutNecessaryDependencies" classname="miles.kodi.ModuleTest" time="0.002"/>
  <testcase name="testRetrievingSuperClass" classname="miles.kodi.ModuleTest" time="0.001"/>
  <testcase name="testBindingSameDependencyClass" classname="miles.kodi.ModuleTest" time="0.001"/>
  <testcase name="testRetrievingusingSingletonProvider" classname="miles.kodi.ModuleTest" time="0.0"/>
  <system-out><![CDATA[]]></system-out>
  <system-err><![CDATA[]]></system-err>
</testsuite>
